Using pre-set license
Built from '2021.3/staging' branch; Version is '2021.3.9f1 (ad3870b89536) revision 11352176'; Using compiler version '192829333'; Build Type 'Release'
OS: 'Windows 11  (10.0.22000) 64bit CoreSingleLanguage' Language: 'es' Physical Memory: 16106 MB
BatchMode: 1, IsHumanControllingUs: 0, StartBugReporterOnCrash: 0, Is64bit: 1, IsPro: 1

COMMAND LINE ARGUMENTS:
C:\Program Files\Unity\Hub\Editor\2021.3.9f1\Editor\Unity.exe
-adb2
-batchMode
-noUpm
-name
AssetImportWorker1
-projectPath
C:/Users/samue/My project (2)
-logFile
Logs/AssetImportWorker1.log
-srvPort
60283
Successfully changed project path to: C:/Users/samue/My project (2)
C:/Users/samue/My project (2)
[UnityMemory] Configuration Parameters - Can be set up in boot.config
    "memorysetup-bucket-allocator-granularity=16"
    "memorysetup-bucket-allocator-bucket-count=8"
    "memorysetup-bucket-allocator-block-size=33554432"
    "memorysetup-bucket-allocator-block-count=8"
    "memorysetup-main-allocator-block-size=16777216"
    "memorysetup-thread-allocator-block-size=16777216"
    "memorysetup-gfx-main-allocator-block-size=16777216"
    "memorysetup-gfx-thread-allocator-block-size=16777216"
    "memorysetup-cache-allocator-block-size=4194304"
    "memorysetup-typetree-allocator-block-size=2097152"
    "memorysetup-profiler-bucket-allocator-granularity=16"
    "memorysetup-profiler-bucket-allocator-bucket-count=8"
    "memorysetup-profiler-bucket-allocator-block-size=33554432"
    "memorysetup-profiler-bucket-allocator-block-count=8"
    "memorysetup-profiler-allocator-block-size=16777216"
    "memorysetup-profiler-editor-allocator-block-size=1048576"
    "memorysetup-temp-allocator-size-main=16777216"
    "memorysetup-job-temp-allocator-block-size=2097152"
    "memorysetup-job-temp-allocator-block-size-background=1048576"
    "memorysetup-job-temp-allocator-reduction-small-platforms=262144"
    "memorysetup-temp-allocator-size-background-worker=32768"
    "memorysetup-temp-allocator-size-job-worker=262144"
    "memorysetup-temp-allocator-size-preload-manager=33554432"
    "memorysetup-temp-allocator-size-nav-mesh-worker=65536"
    "memorysetup-temp-allocator-size-audio-worker=65536"
    "memorysetup-temp-allocator-size-cloud-worker=32768"
    "memorysetup-temp-allocator-size-gi-baking-worker=262144"
    "memorysetup-temp-allocator-size-gfx=262144"
Refreshing native plugins compatible for Editor in 101.31 ms, found 3 plugins.
Preloading 0 native plugins for Editor in 0.00 ms.
Initialize engine version: 2021.3.9f1 (ad3870b89536)
[Subsystems] Discovering subsystems at path C:/Program Files/Unity/Hub/Editor/2021.3.9f1/Editor/Data/Resources/UnitySubsystems
[Subsystems] Discovering subsystems at path C:/Users/samue/My project (2)/Assets
GfxDevice: creating device client; threaded=0; jobified=0
Direct3D:
    Version:  Direct3D 11.0 [level 11.1]
    Renderer: Intel(R) Iris(R) Xe Graphics (ID=0x9a49)
    Vendor:   Intel
    VRAM:     8053 MB
    Driver:   30.0.101.1338
Initialize mono
Mono path[0] = 'C:/Program Files/Unity/Hub/Editor/2021.3.9f1/Editor/Data/Managed'
Mono path[1] = 'C:/Program Files/Unity/Hub/Editor/2021.3.9f1/Editor/Data/MonoBleedingEdge/lib/mono/unityjit-win32'
Mono config path = 'C:/Program Files/Unity/Hub/Editor/2021.3.9f1/Editor/Data/MonoBleedingEdge/etc'
Using monoOptions --debugger-agent=transport=dt_socket,embedding=1,server=y,suspend=n,address=127.0.0.1:56140
Begin MonoManager ReloadAssembly
Registering precompiled unity dll's ...
Register platform support module: C:/Program Files/Unity/Hub/Editor/2021.3.9f1/Editor/Data/PlaybackEngines/WebGLSupport/UnityEditor.WebGL.Extensions.dll
Register platform support module: C:/Program Files/Unity/Hub/Editor/2021.3.9f1/Editor/Data/PlaybackEngines/WindowsStandaloneSupport/UnityEditor.WindowsStandalone.Extensions.dll
Registered in 0.006631 seconds.
Native extension for WindowsStandalone target not found
Native extension for WebGL target not found
Refreshing native plugins compatible for Editor in 65.21 ms, found 3 plugins.
Preloading 0 native plugins for Editor in 0.00 ms.
Mono: successfully reloaded assembly
- Completed reload, in  0.703 seconds
Domain Reload Profiling:
	ReloadAssembly (704ms)
		BeginReloadAssembly (89ms)
			ExecutionOrderSort (0ms)
			DisableScriptedObjects (0ms)
			BackupInstance (0ms)
			ReleaseScriptingObjects (0ms)
			CreateAndSetChildDomain (1ms)
		EndReloadAssembly (471ms)
			LoadAssemblies (88ms)
			RebuildTransferFunctionScriptingTraits (0ms)
			SetupTypeCache (123ms)
			ReleaseScriptCaches (0ms)
			RebuildScriptCaches (27ms)
			SetupLoadedEditorAssemblies (265ms)
				LogAssemblyErrors (0ms)
				InitializePlatformSupportModulesInManaged (8ms)
				SetLoadedEditorAssemblies (0ms)
				RefreshPlugins (65ms)
				BeforeProcessingInitializeOnLoad (1ms)
				ProcessInitializeOnLoadAttributes (142ms)
				ProcessInitializeOnLoadMethodAttributes (48ms)
				AfterProcessingInitializeOnLoad (0ms)
				EditorAssembliesLoaded (0ms)
			ExecutionOrderSort2 (0ms)
			AwakeInstancesAfterBackupRestoration (0ms)
Platform modules already initialized, skipping
Registering precompiled user dll's ...
Registered in 0.009420 seconds.
Begin MonoManager ReloadAssembly
Symbol file LoadedFromMemory doesn't match image C:\Users\samue\My project (2)\Library\PackageCache\com.unity.visualscripting@1.7.8\Editor\VisualScripting.Core\Dependencies\YamlDotNet\Unity.VisualScripting.YamlDotNet.dll
Symbol file LoadedFromMemory doesn't match image C:\Users\samue\My project (2)\Library\PackageCache\com.unity.visualscripting@1.7.8\Editor\VisualScripting.Core\Dependencies\DotNetZip\Unity.VisualScripting.IonicZip.dll
Native extension for WindowsStandalone target not found
Native extension for WebGL target not found
Refreshing native plugins compatible for Editor in 0.48 ms, found 3 plugins.
Preloading 0 native plugins for Editor in 0.00 ms.
Mono: successfully reloaded assembly
- Completed reload, in  1.069 seconds
Domain Reload Profiling:
	ReloadAssembly (1070ms)
		BeginReloadAssembly (105ms)
			ExecutionOrderSort (0ms)
			DisableScriptedObjects (6ms)
			BackupInstance (0ms)
			ReleaseScriptingObjects (0ms)
			CreateAndSetChildDomain (18ms)
		EndReloadAssembly (852ms)
			LoadAssemblies (84ms)
			RebuildTransferFunctionScriptingTraits (0ms)
			SetupTypeCache (276ms)
			ReleaseScriptCaches (0ms)
			RebuildScriptCaches (57ms)
			SetupLoadedEditorAssemblies (380ms)
				LogAssemblyErrors (0ms)
				InitializePlatformSupportModulesInManaged (8ms)
				SetLoadedEditorAssemblies (0ms)
				RefreshPlugins (1ms)
				BeforeProcessingInitializeOnLoad (84ms)
				ProcessInitializeOnLoadAttributes (243ms)
				ProcessInitializeOnLoadMethodAttributes (36ms)
				AfterProcessingInitializeOnLoad (8ms)
				EditorAssembliesLoaded (0ms)
			ExecutionOrderSort2 (0ms)
			AwakeInstancesAfterBackupRestoration (7ms)
Platform modules already initialized, skipping
========================================================================
Worker process is ready to serve import requests
Launched and connected shader compiler UnityShaderCompiler.exe after 0.05 seconds
Refreshing native plugins compatible for Editor in 1.13 ms, found 3 plugins.
Preloading 0 native plugins for Editor in 0.00 ms.
Unloading 3380 Unused Serialized files (Serialized files now loaded: 0)
Unloading 27 unused Assets / (111.3 KB). Loaded Objects now: 3837.
Memory consumption went from 116.1 MB to 116.0 MB.
Total: 3.995900 ms (FindLiveObjects: 0.379400 ms CreateObjectMapping: 0.130000 ms MarkObjects: 3.366400 ms  DeleteObjects: 0.118800 ms)

AssetImportParameters requested are different than current active one (requested -> active):
  custom:video-decoder-ogg-theora: a1e56fd34408186e4bbccfd4996cb3dc -> 
  custom:container-muxer-webm: aa71ff27fc2769a1b78a27578f13a17b -> 
  custom:container-demuxer-webm: 4f35f7cbe854078d1ac9338744f61a02 -> 
  custom:video-encoder-webm-vp8: eb34c28f22e8b96e1ab97ce403110664 -> 
  custom:video-codec-MediaFoundation-h265: 746d11721c4dcdbdad8f713fa42b33f4 -> 
  custom:audio-encoder-webm-vorbis: bf7c407c2cedff20999df2af8eb42d56 -> 
  custom:framework-win-MediaFoundation: 216162199b28c13a410421893ffa2e32 -> 
  custom:container-demuxer-ogg: 62fdf1f143b41e24485cea50d1cbac27 -> 
  custom:video-decoder-webm-vp8: 9c59270c3fd7afecdb556c50c9e8de78 -> 
  custom:audio-decoder-ogg-vorbis: bf7c407c2cedff20999df2af8eb42d56 -> 
========================================================================
Received Import Request.
  Time since last request: 2272343.055312 seconds.
  path: Assets/KajamansRoads/Free/Prefabs/l10km_cc4_sl69_t(1212029)_rw12_wh15_n1_RsBtW_MeshV00_m.prefab
  artifactKey: Guid(6becd15d7262243478b14c339313ad72) Importer(815301076,1909f56bfc062723c751e8b465ee728b)
Start importing Assets/KajamansRoads/Free/Prefabs/l10km_cc4_sl69_t(1212029)_rw12_wh15_n1_RsBtW_MeshV00_m.prefab using Guid(6becd15d7262243478b14c339313ad72) Importer(815301076,1909f56bfc062723c751e8b465ee728b)  -> (artifact id: 'a308b481e9a3cd5d5ced0f57f3c9e199') in 0.274843 seconds 
========================================================================
Received Import Request.
  Time since last request: 0.000021 seconds.
  path: Assets/KajamansRoads/Free/Prefabs/l20km_cc2_sl30_t(401509)_rw28_wh15_n1_RsBTW_MeshV00_m.prefab
  artifactKey: Guid(26419c6407d63bc4abd79bf3d120f522) Importer(815301076,1909f56bfc062723c751e8b465ee728b)
Start importing Assets/KajamansRoads/Free/Prefabs/l20km_cc2_sl30_t(401509)_rw28_wh15_n1_RsBTW_MeshV00_m.prefab using Guid(26419c6407d63bc4abd79bf3d120f522) Importer(815301076,1909f56bfc062723c751e8b465ee728b)  -> (artifact id: 'cff2b4148e9722f767c404d4cc4a9c73') in 0.039924 seconds 
========================================================================
Received Import Request.
  Time since last request: 0.000034 seconds.
  path: Assets/KajamansRoads/Free/Prefabs/l10km_cc4_sl20_t(12123025)_rw10_wh3_n3_RsBTW_MeshV00.prefab
  artifactKey: Guid(b0f31f923c387984fbd37ef155b98609) Importer(815301076,1909f56bfc062723c751e8b465ee728b)
Start importing Assets/KajamansRoads/Free/Prefabs/l10km_cc4_sl20_t(12123025)_rw10_wh3_n3_RsBTW_MeshV00.prefab using Guid(b0f31f923c387984fbd37ef155b98609) Importer(815301076,1909f56bfc062723c751e8b465ee728b)  -> (artifact id: 'f63611f2b3a7d251dd223bab70263bde') in 0.469535 seconds 
========================================================================
Received Import Request.
  Time since last request: 0.000022 seconds.
  path: Assets/KajamansRoads/Free/Prefabs/l20km_cc2_sl30_t(401509)_rw28_wh15_n1_RsBTW_MeshV00.prefab
  artifactKey: Guid(a7e9891f686821e46ade0477d65446f6) Importer(815301076,1909f56bfc062723c751e8b465ee728b)
Start importing Assets/KajamansRoads/Free/Prefabs/l20km_cc2_sl30_t(401509)_rw28_wh15_n1_RsBTW_MeshV00.prefab using Guid(a7e9891f686821e46ade0477d65446f6) Importer(815301076,1909f56bfc062723c751e8b465ee728b)  -> (artifact id: 'da6a1e6b0cd2a63f99f87ddaa8b2734b') in 0.209082 seconds 
========================================================================
Received Import Request.
  Time since last request: 992.780879 seconds.
  path: Assets/KajamansRoads/Free/Prefabs/l10km_cc4_sl69_t(1212029)_rw12_wh15_n1_RsBtW_MeshV00.prefab
  artifactKey: Guid(52005168084e10d4998228ecb47015ee) Importer(815301076,1909f56bfc062723c751e8b465ee728b)
Start importing Assets/KajamansRoads/Free/Prefabs/l10km_cc4_sl69_t(1212029)_rw12_wh15_n1_RsBtW_MeshV00.prefab using Guid(52005168084e10d4998228ecb47015ee) Importer(815301076,1909f56bfc062723c751e8b465ee728b)  -> (artifact id: '37188060b30ef1479f20f807e9fbdfc9') in 0.051885 seconds 
========================================================================
Received Import Request.
  Time since last request: 5.830294 seconds.
  path: Assets/small_town_america/general/materials/general_damage_ground_1.mat
  artifactKey: Guid(f73cff647ed4f264bb55f23ca72992bc) Importer(815301076,1909f56bfc062723c751e8b465ee728b)
Start importing Assets/small_town_america/general/materials/general_damage_ground_1.mat using Guid(f73cff647ed4f264bb55f23ca72992bc) Importer(815301076,1909f56bfc062723c751e8b465ee728b)  -> (artifact id: '35b6fbc69240601d253b47e0214420a1') in 0.479901 seconds 
========================================================================
Received Import Request.
  Time since last request: 0.000038 seconds.
  path: Assets/small_town_america/general/materials/general_flagpole_m.mat
  artifactKey: Guid(19c2479f4ac57894e9205d9238d25ec2) Importer(815301076,1909f56bfc062723c751e8b465ee728b)
Start importing Assets/small_town_america/general/materials/general_flagpole_m.mat using Guid(19c2479f4ac57894e9205d9238d25ec2) Importer(815301076,1909f56bfc062723c751e8b465ee728b)  -> (artifact id: 'dc17438e0de995a86e055a8e3e52366d') in 0.367066 seconds 
========================================================================
Received Import Request.
  Time since last request: 0.000046 seconds.
  path: Assets/small_town_america/general/materials/general_damage_ground_2.mat
  artifactKey: Guid(18d1070a4339b1648b99809e0cb962a3) Importer(815301076,1909f56bfc062723c751e8b465ee728b)
Start importing Assets/small_town_america/general/materials/general_damage_ground_2.mat using Guid(18d1070a4339b1648b99809e0cb962a3) Importer(815301076,1909f56bfc062723c751e8b465ee728b)  -> (artifact id: '5660ffc97894c4aad2db6706cdaa1d69') in 0.031631 seconds 
========================================================================
Received Import Request.
  Time since last request: 0.000065 seconds.
  path: Assets/small_town_america/general/materials/street_pavement.mat
  artifactKey: Guid(db31076ba1760ef4f9c335f799c085ec) Importer(815301076,1909f56bfc062723c751e8b465ee728b)
Start importing Assets/small_town_america/general/materials/street_pavement.mat using Guid(db31076ba1760ef4f9c335f799c085ec) Importer(815301076,1909f56bfc062723c751e8b465ee728b)  -> (artifact id: '60112b2f4a191f386bac19dc1f0a58d1') in 0.038232 seconds 
========================================================================
Received Import Request.
  Time since last request: 0.000050 seconds.
  path: Assets/small_town_america/general/materials/street_decal_2.mat
  artifactKey: Guid(029674896a135ef4180cfe29a7239a50) Importer(815301076,1909f56bfc062723c751e8b465ee728b)
Start importing Assets/small_town_america/general/materials/street_decal_2.mat using Guid(029674896a135ef4180cfe29a7239a50) Importer(815301076,1909f56bfc062723c751e8b465ee728b)  -> (artifact id: '31c727b1502c478969aa87afa0542fa8') in 0.032151 seconds 
========================================================================
Received Import Request.
  Time since last request: 0.000043 seconds.
  path: Assets/small_town_america/general/materials/sidewalk_markings.mat
  artifactKey: Guid(c1ee70dfa8eaa764cac686b842614f4c) Importer(815301076,1909f56bfc062723c751e8b465ee728b)
Start importing Assets/small_town_america/general/materials/sidewalk_markings.mat using Guid(c1ee70dfa8eaa764cac686b842614f4c) Importer(815301076,1909f56bfc062723c751e8b465ee728b)  -> (artifact id: '3a9e24df8dc21c1a0a712ae6789818d5') in 0.037223 seconds 
========================================================================
Received Import Request.
  Time since last request: 0.000023 seconds.
  path: Assets/small_town_america/general/materials/general_rope_flag_m.mat
  artifactKey: Guid(5391500aea8116749abe517b3f51b3d9) Importer(815301076,1909f56bfc062723c751e8b465ee728b)
Start importing Assets/small_town_america/general/materials/general_rope_flag_m.mat using Guid(5391500aea8116749abe517b3f51b3d9) Importer(815301076,1909f56bfc062723c751e8b465ee728b)  -> (artifact id: 'd10742bd9199de41b619057a181fc22e') in 0.020842 seconds 
========================================================================
Received Import Request.
  Time since last request: 0.000046 seconds.
  path: Assets/small_town_america/general/materials/general_flag_m.mat
  artifactKey: Guid(5109fdd91840ac040b590a1e77e2638a) Importer(815301076,1909f56bfc062723c751e8b465ee728b)
Start importing Assets/small_town_america/general/materials/general_flag_m.mat using Guid(5109fdd91840ac040b590a1e77e2638a) Importer(815301076,1909f56bfc062723c751e8b465ee728b)  -> (artifact id: '7edfa47184f5dbf022413595f815a1d4') in 0.028275 seconds 
========================================================================
Received Import Request.
  Time since last request: 0.000066 seconds.
  path: Assets/small_town_america/general/materials/street_decal_1.mat
  artifactKey: Guid(d55b3e2f2cf80e043bf357b57846ef9c) Importer(815301076,1909f56bfc062723c751e8b465ee728b)
Start importing Assets/small_town_america/general/materials/street_decal_1.mat using Guid(d55b3e2f2cf80e043bf357b57846ef9c) Importer(815301076,1909f56bfc062723c751e8b465ee728b)  -> (artifact id: 'd57c9a035c552603797105e0ccdbb477') in 0.029808 seconds 
========================================================================
Received Import Request.
  Time since last request: 12.210480 seconds.
  path: Assets/small_town_america/general/models/barricades_carstop/general_barricades_carstop_single.fbx
  artifactKey: Guid(516d43315fd257843800978827a40628) Importer(815301076,1909f56bfc062723c751e8b465ee728b)
Start importing Assets/small_town_america/general/models/barricades_carstop/general_barricades_carstop_single.fbx using Guid(516d43315fd257843800978827a40628) Importer(815301076,1909f56bfc062723c751e8b465ee728b)  -> (artifact id: 'afcbf9b413f5e3ec2646112d8d404f4f') in 0.135277 seconds 
========================================================================
Received Import Request.
  Time since last request: 3.191280 seconds.
  path: Assets/small_town_america/general/models/damage_ground/general_damage_ground_2.fbx
  artifactKey: Guid(a64fb859bbc88134dabd7ad0fcc00ec2) Importer(815301076,1909f56bfc062723c751e8b465ee728b)
Start importing Assets/small_town_america/general/models/damage_ground/general_damage_ground_2.fbx using Guid(a64fb859bbc88134dabd7ad0fcc00ec2) Importer(815301076,1909f56bfc062723c751e8b465ee728b)  -> (artifact id: '1d55d05c77c7550457e4bc120f58167d') in 0.030275 seconds 
========================================================================
Received Import Request.
  Time since last request: 0.000024 seconds.
  path: Assets/small_town_america/general/models/damage_ground/general_damage_ground_3.fbx
  artifactKey: Guid(21eaca6bd5d9e0f41b2bb4a747132e75) Importer(815301076,1909f56bfc062723c751e8b465ee728b)
Start importing Assets/small_town_america/general/models/damage_ground/general_damage_ground_3.fbx using Guid(21eaca6bd5d9e0f41b2bb4a747132e75) Importer(815301076,1909f56bfc062723c751e8b465ee728b)  -> (artifact id: 'd97bacff259c1306e9b1aeebe47a6d78') in 0.047717 seconds 
========================================================================
Received Import Request.
  Time since last request: 2.628620 seconds.
  path: Assets/small_town_america/general/models/flagpole/general_flagpole.fbx
  artifactKey: Guid(a2412f1d3f5e0354aa2d7986bbac22fc) Importer(815301076,1909f56bfc062723c751e8b465ee728b)
Start importing Assets/small_town_america/general/models/flagpole/general_flagpole.fbx using Guid(a2412f1d3f5e0354aa2d7986bbac22fc) Importer(815301076,1909f56bfc062723c751e8b465ee728b)  -> (artifact id: '8921ca3acc1da349564b841e7ed47b2e') in 0.052166 seconds 
========================================================================
Received Import Request.
  Time since last request: 2.575790 seconds.
  path: Assets/small_town_america/general/models/road_signs/general_road_signs_2.fbx
  artifactKey: Guid(d06923438acd0c043a55ba9b7d82ec2f) Importer(815301076,1909f56bfc062723c751e8b465ee728b)
Start importing Assets/small_town_america/general/models/road_signs/general_road_signs_2.fbx using Guid(d06923438acd0c043a55ba9b7d82ec2f) Importer(815301076,1909f56bfc062723c751e8b465ee728b)  -> (artifact id: 'd1f219893f13bdaf2bf724eb05d9844d') in 0.428889 seconds 
========================================================================
Received Import Request.
  Time since last request: 0.000056 seconds.
  path: Assets/small_town_america/general/models/road_signs/general_road_signs_26.fbx
  artifactKey: Guid(0cd47526bc4a1974997ec709060fa6bf) Importer(815301076,1909f56bfc062723c751e8b465ee728b)
Start importing Assets/small_town_america/general/models/road_signs/general_road_signs_26.fbx using Guid(0cd47526bc4a1974997ec709060fa6bf) Importer(815301076,1909f56bfc062723c751e8b465ee728b)  -> (artifact id: 'ef767c83c3e6e0d5e0a78cfd5bcfad35') in 0.072156 seconds 
========================================================================
Received Import Request.
  Time since last request: 0.000092 seconds.
  path: Assets/small_town_america/general/models/road_signs/general_road_signs_12.fbx
  artifactKey: Guid(5c2f06bd1041bdd4a9fb87e66980a777) Importer(815301076,1909f56bfc062723c751e8b465ee728b)
Start importing Assets/small_town_america/general/models/road_signs/general_road_signs_12.fbx using Guid(5c2f06bd1041bdd4a9fb87e66980a777) Importer(815301076,1909f56bfc062723c751e8b465ee728b)  -> (artifact id: '3b525ceede83d0fb989aee6653819459') in 0.056386 seconds 
========================================================================
Received Import Request.
  Time since last request: 0.000056 seconds.
  path: Assets/small_town_america/general/models/road_signs/general_road_signs_31.fbx
  artifactKey: Guid(230eb8780f4c76d489c2a6508a4a4ba2) Importer(815301076,1909f56bfc062723c751e8b465ee728b)
Start importing Assets/small_town_america/general/models/road_signs/general_road_signs_31.fbx using Guid(230eb8780f4c76d489c2a6508a4a4ba2) Importer(815301076,1909f56bfc062723c751e8b465ee728b)  -> (artifact id: '46bfe05b4073ee065c21d60738d5a904') in 0.045137 seconds 
========================================================================
Received Import Request.
  Time since last request: 0.000034 seconds.
  path: Assets/small_town_america/general/models/road_signs/general_road_signs_24.fbx
  artifactKey: Guid(ce0f99735067e7b4ba6b2c9b01715767) Importer(815301076,1909f56bfc062723c751e8b465ee728b)
Start importing Assets/small_town_america/general/models/road_signs/general_road_signs_24.fbx using Guid(ce0f99735067e7b4ba6b2c9b01715767) Importer(815301076,1909f56bfc062723c751e8b465ee728b)  -> (artifact id: 'bec77c649c57b865d47b98fe30a1d4a1') in 0.035379 seconds 
========================================================================
Received Import Request.
  Time since last request: 0.000062 seconds.
  path: Assets/small_town_america/general/models/road_signs/general_road_signs_23.fbx
  artifactKey: Guid(98eef02ae5e39ec44a02925017a35340) Importer(815301076,1909f56bfc062723c751e8b465ee728b)
Start importing Assets/small_town_america/general/models/road_signs/general_road_signs_23.fbx using Guid(98eef02ae5e39ec44a02925017a35340) Importer(815301076,1909f56bfc062723c751e8b465ee728b)  -> (artifact id: '600d446f17e5335f6341d3a8df60aa33') in 0.048395 seconds 
========================================================================
Received Import Request.
  Time since last request: 0.000065 seconds.
  path: Assets/small_town_america/general/models/road_signs/general_road_signs_29.fbx
  artifactKey: Guid(b56ed8c4e6dee0341972899d539d0453) Importer(815301076,1909f56bfc062723c751e8b465ee728b)
Start importing Assets/small_town_america/general/models/road_signs/general_road_signs_29.fbx using Guid(b56ed8c4e6dee0341972899d539d0453) Importer(815301076,1909f56bfc062723c751e8b465ee728b)  -> (artifact id: '2c1b5c75727861f8945263bf80739efb') in 0.043030 seconds 
========================================================================
Received Import Request.
  Time since last request: 0.000056 seconds.
  path: Assets/small_town_america/general/models/road_signs/general_road_signs_14.fbx
  artifactKey: Guid(104aa4695a2e800439777d41bfd08b94) Importer(815301076,1909f56bfc062723c751e8b465ee728b)
Start importing Assets/small_town_america/general/models/road_signs/general_road_signs_14.fbx using Guid(104aa4695a2e800439777d41bfd08b94) Importer(815301076,1909f56bfc062723c751e8b465ee728b)  -> (artifact id: '28daf14c6eea9739e7065437c9d1b678') in 0.041102 seconds 
========================================================================
Received Import Request.
  Time since last request: 0.000038 seconds.
  path: Assets/small_town_america/general/models/road_signs/general_road_signs_9.fbx
  artifactKey: Guid(eb9db63ed461f6a4b9cc985afbe1936a) Importer(815301076,1909f56bfc062723c751e8b465ee728b)
Start importing Assets/small_town_america/general/models/road_signs/general_road_signs_9.fbx using Guid(eb9db63ed461f6a4b9cc985afbe1936a) Importer(815301076,1909f56bfc062723c751e8b465ee728b)  -> (artifact id: 'e99d279988ddcf0e9ddc4c7d1d95cb54') in 0.053081 seconds 
========================================================================
Received Import Request.
  Time since last request: 0.000040 seconds.
  path: Assets/small_town_america/general/models/road_signs/general_road_signs_3.fbx
  artifactKey: Guid(c8e308afd6ef71b4592441cc4d0d2db6) Importer(815301076,1909f56bfc062723c751e8b465ee728b)
Start importing Assets/small_town_america/general/models/road_signs/general_road_signs_3.fbx using Guid(c8e308afd6ef71b4592441cc4d0d2db6) Importer(815301076,1909f56bfc062723c751e8b465ee728b)  -> (artifact id: '29b33bcc82fdbc825a7df852c249dd23') in 0.048466 seconds 
========================================================================
Received Import Request.
  Time since last request: 0.000045 seconds.
  path: Assets/small_town_america/general/models/road_signs/general_road_signs_11.fbx
  artifactKey: Guid(e932272710c892a48bea05921b3baa0c) Importer(815301076,1909f56bfc062723c751e8b465ee728b)
Start importing Assets/small_town_america/general/models/road_signs/general_road_signs_11.fbx using Guid(e932272710c892a48bea05921b3baa0c) Importer(815301076,1909f56bfc062723c751e8b465ee728b)  -> (artifact id: 'be6afc1455b88ca340f8e98d020b86e9') in 0.047104 seconds 
========================================================================
Received Import Request.
  Time since last request: 0.000033 seconds.
  path: Assets/small_town_america/general/models/road_signs/general_road_signs_8.fbx
  artifactKey: Guid(9b4fd35a4a40ace49a00d1107117a00c) Importer(815301076,1909f56bfc062723c751e8b465ee728b)
Start importing Assets/small_town_america/general/models/road_signs/general_road_signs_8.fbx using Guid(9b4fd35a4a40ace49a00d1107117a00c) Importer(815301076,1909f56bfc062723c751e8b465ee728b)  -> (artifact id: '42b596c21f3337c33461fd8f6055bda9') in 0.040036 seconds 
========================================================================
Received Import Request.
  Time since last request: 37.438068 seconds.
  path: Assets/small_town_america/general/models/street/general_street_3_way_no_sidewalk.fbx
  artifactKey: Guid(dde7cc19a36f955469bb3fff3f2d29ec) Importer(815301076,1909f56bfc062723c751e8b465ee728b)
Start importing Assets/small_town_america/general/models/street/general_street_3_way_no_sidewalk.fbx using Guid(dde7cc19a36f955469bb3fff3f2d29ec) Importer(815301076,1909f56bfc062723c751e8b465ee728b)  -> (artifact id: 'e6002d69889f704a74edb50ae6baba17') in 0.066515 seconds 
========================================================================
Received Import Request.
  Time since last request: 0.000031 seconds.
  path: Assets/small_town_america/general/models/street/general_street_corner_no_markings.fbx
  artifactKey: Guid(d90e442b51080d64a8336d227d26269e) Importer(815301076,1909f56bfc062723c751e8b465ee728b)
Start importing Assets/small_town_america/general/models/street/general_street_corner_no_markings.fbx using Guid(d90e442b51080d64a8336d227d26269e) Importer(815301076,1909f56bfc062723c751e8b465ee728b)  -> (artifact id: '51a80f6c0f578e720708e9cbc42c4141') in 0.035688 seconds 
========================================================================
Received Import Request.
  Time since last request: 0.000067 seconds.
  path: Assets/small_town_america/general/models/street/general_street_corner_no_sidewalk.fbx
  artifactKey: Guid(5c0b1057a51cdfe4f9d0e32b147efb4c) Importer(815301076,1909f56bfc062723c751e8b465ee728b)
Start importing Assets/small_town_america/general/models/street/general_street_corner_no_sidewalk.fbx using Guid(5c0b1057a51cdfe4f9d0e32b147efb4c) Importer(815301076,1909f56bfc062723c751e8b465ee728b)  -> (artifact id: '55da08d30ae1e14cfbf5003158a46ce2') in 0.058823 seconds 
========================================================================
Received Import Request.
  Time since last request: 0.000029 seconds.
  path: Assets/small_town_america/general/models/street/general_street_straight_no_markings.fbx
  artifactKey: Guid(e77c4602354e0354baffa6967d57b0d2) Importer(815301076,1909f56bfc062723c751e8b465ee728b)
Start importing Assets/small_town_america/general/models/street/general_street_straight_no_markings.fbx using Guid(e77c4602354e0354baffa6967d57b0d2) Importer(815301076,1909f56bfc062723c751e8b465ee728b)  -> (artifact id: 'f76641bb25316c451428129e5a602b6f') in 0.043914 seconds 
========================================================================
Received Import Request.
  Time since last request: 0.000031 seconds.
  path: Assets/small_town_america/general/models/street/general_street_straight_no_sidewalk_long.fbx
  artifactKey: Guid(af737ec27fbf0af43acdb172eda053c5) Importer(815301076,1909f56bfc062723c751e8b465ee728b)
Start importing Assets/small_town_america/general/models/street/general_street_straight_no_sidewalk_long.fbx using Guid(af737ec27fbf0af43acdb172eda053c5) Importer(815301076,1909f56bfc062723c751e8b465ee728b)  -> (artifact id: 'e3fe4baf9da9923408cde241e3099f9d') in 0.055413 seconds 
========================================================================
Received Import Request.
  Time since last request: 0.000027 seconds.
  path: Assets/small_town_america/general/models/street/general_street_crossing_w_sidewalk.fbx
  artifactKey: Guid(321883f7aba6cbb4488b5f2c40654ace) Importer(815301076,1909f56bfc062723c751e8b465ee728b)
Start importing Assets/small_town_america/general/models/street/general_street_crossing_w_sidewalk.fbx using Guid(321883f7aba6cbb4488b5f2c40654ace) Importer(815301076,1909f56bfc062723c751e8b465ee728b)  -> (artifact id: '9ea155ccc42b5cbfb58119c35372f919') in 0.061911 seconds 
========================================================================
Received Import Request.
  Time since last request: 0.000103 seconds.
  path: Assets/small_town_america/general/models/street/general_street_crossing_no_markings.fbx
  artifactKey: Guid(89ddfff65d6074a41a2f3f1b7c8bc51c) Importer(815301076,1909f56bfc062723c751e8b465ee728b)
Start importing Assets/small_town_america/general/models/street/general_street_crossing_no_markings.fbx using Guid(89ddfff65d6074a41a2f3f1b7c8bc51c) Importer(815301076,1909f56bfc062723c751e8b465ee728b)  -> (artifact id: '99b56ebea8b38110d9586056ceab90a2') in 0.045244 seconds 
========================================================================
Received Import Request.
  Time since last request: 0.000071 seconds.
  path: Assets/small_town_america/general/models/street/general_street_straight_no_sidewalk.fbx
  artifactKey: Guid(c24014bb2573314439344bb71ce5ef2e) Importer(815301076,1909f56bfc062723c751e8b465ee728b)
Start importing Assets/small_town_america/general/models/street/general_street_straight_no_sidewalk.fbx using Guid(c24014bb2573314439344bb71ce5ef2e) Importer(815301076,1909f56bfc062723c751e8b465ee728b)  -> (artifact id: 'cca3f71178896fcf905121bca1432a88') in 0.060894 seconds 
========================================================================
Received Import Request.
  Time since last request: 577.372472 seconds.
  path: Assets/small_town_america/general/models/street_decal/general_street_decal_2.fbx
  artifactKey: Guid(72a63c892c9cc0644acf65c1a710feed) Importer(815301076,1909f56bfc062723c751e8b465ee728b)
Start importing Assets/small_town_america/general/models/street_decal/general_street_decal_2.fbx using Guid(72a63c892c9cc0644acf65c1a710feed) Importer(815301076,1909f56bfc062723c751e8b465ee728b)  -> (artifact id: 'b1abcec82a92c3ade09e993e66db403f') in 0.054718 seconds 
========================================================================
Received Import Request.
  Time since last request: 106.762035 seconds.
  path: Assets/laxer tree pkg/Models/Materials/ast3 lw 1.mat
  artifactKey: Guid(6ece0bdbdb22d0f4e9c4110d90e77be6) Importer(815301076,1909f56bfc062723c751e8b465ee728b)
Start importing Assets/laxer tree pkg/Models/Materials/ast3 lw 1.mat using Guid(6ece0bdbdb22d0f4e9c4110d90e77be6) Importer(815301076,1909f56bfc062723c751e8b465ee728b)  -> (artifact id: 'beb8300e152aa7a49d766ad204f8cdf1') in 0.309766 seconds 
========================================================================
Received Import Request.
  Time since last request: 0.000041 seconds.
  path: Assets/laxer tree pkg/Models/Materials/ast4 lw 1.mat
  artifactKey: Guid(81dc5907a40a50040823d8934dd4d2b8) Importer(815301076,1909f56bfc062723c751e8b465ee728b)
Start importing Assets/laxer tree pkg/Models/Materials/ast4 lw 1.mat using Guid(81dc5907a40a50040823d8934dd4d2b8) Importer(815301076,1909f56bfc062723c751e8b465ee728b)  -> (artifact id: 'f3570003ae4ce262fa694d06b15954ac') in 0.023463 seconds 
========================================================================
Received Import Request.
  Time since last request: 0.000049 seconds.
  path: Assets/laxer tree pkg/Models/Materials/ast5.mat
  artifactKey: Guid(f46c6bff831cfd14bb53bc3819f0f0db) Importer(815301076,1909f56bfc062723c751e8b465ee728b)
Start importing Assets/laxer tree pkg/Models/Materials/ast5.mat using Guid(f46c6bff831cfd14bb53bc3819f0f0db) Importer(815301076,1909f56bfc062723c751e8b465ee728b)  -> (artifact id: 'e058eee99cb13c57abb7f06fad334c3c') in 0.340183 seconds 
========================================================================
Received Import Request.
  Time since last request: 0.000035 seconds.
  path: Assets/laxer tree pkg/Models/Materials/ast5 lw 1.mat
  artifactKey: Guid(281d9a47040de98429f24c446985694d) Importer(815301076,1909f56bfc062723c751e8b465ee728b)
Start importing Assets/laxer tree pkg/Models/Materials/ast5 lw 1.mat using Guid(281d9a47040de98429f24c446985694d) Importer(815301076,1909f56bfc062723c751e8b465ee728b)  -> (artifact id: '6713ab8e7a30a46f3885358d36a45eed') in 0.023710 seconds 
========================================================================
Received Import Request.
  Time since last request: 0.000053 seconds.
  path: Assets/laxer tree pkg/Models/Materials/bark pine wh.mat
  artifactKey: Guid(63489f5a7b5c30d4c990f5949b6fb6f1) Importer(815301076,1909f56bfc062723c751e8b465ee728b)
Start importing Assets/laxer tree pkg/Models/Materials/bark pine wh.mat using Guid(63489f5a7b5c30d4c990f5949b6fb6f1) Importer(815301076,1909f56bfc062723c751e8b465ee728b)  -> (artifact id: 'b7a1554a3e7a36cec36f5c9ce7224249') in 0.256171 seconds 
========================================================================
Received Import Request.
  Time since last request: 0.000036 seconds.
  path: Assets/laxer tree pkg/Models/Materials/ast3 lw.mat
  artifactKey: Guid(a05189f4f1fcfd64dad1a2d9c28d6aa5) Importer(815301076,1909f56bfc062723c751e8b465ee728b)
Start importing Assets/laxer tree pkg/Models/Materials/ast3 lw.mat using Guid(a05189f4f1fcfd64dad1a2d9c28d6aa5) Importer(815301076,1909f56bfc062723c751e8b465ee728b)  -> (artifact id: 'c6322fd10ae50b1caf74d3d935fff95b') in 0.045839 seconds 
========================================================================
Received Import Request.
  Time since last request: 0.000080 seconds.
  path: Assets/laxer tree pkg/Models/Materials/ast4.mat
  artifactKey: Guid(3c6caab7cf56b024097f005008285518) Importer(815301076,1909f56bfc062723c751e8b465ee728b)
Start importing Assets/laxer tree pkg/Models/Materials/ast4.mat using Guid(3c6caab7cf56b024097f005008285518) Importer(815301076,1909f56bfc062723c751e8b465ee728b)  -> (artifact id: '285755839088346d2fd020bbc4c76b1b') in 0.014198 seconds 
========================================================================
Received Import Request.
  Time since last request: 3.364957 seconds.
  path: Assets/laxer tree pkg/Mobile/baum ld1 mobile.prefab
  artifactKey: Guid(23062208c1e1ace4d9e5270be8b68dcb) Importer(815301076,1909f56bfc062723c751e8b465ee728b)
Start importing Assets/laxer tree pkg/Mobile/baum ld1 mobile.prefab using Guid(23062208c1e1ace4d9e5270be8b68dcb) Importer(815301076,1909f56bfc062723c751e8b465ee728b)  -> (artifact id: '16d91508db51734f9efcfb5f41b85b8b') in 0.126983 seconds 
========================================================================
Received Import Request.
  Time since last request: 195.367143 seconds.
  path: Assets/laxer tree pkg/Mobile/Normal Edited/baum ld1(enhanced).prefab
  artifactKey: Guid(3176aeb440566664ab0bd513a6a46280) Importer(815301076,1909f56bfc062723c751e8b465ee728b)
Start importing Assets/laxer tree pkg/Mobile/Normal Edited/baum ld1(enhanced).prefab using Guid(3176aeb440566664ab0bd513a6a46280) Importer(815301076,1909f56bfc062723c751e8b465ee728b)  -> (artifact id: '8500c2401bb427dffbf0c7cac210b5d3') in 0.025986 seconds 
========================================================================
Received Import Request.
  Time since last request: 0.000035 seconds.
  path: Assets/laxer tree pkg/Mobile/Normal Edited/baum ld2(enhanced).prefab
  artifactKey: Guid(3217b1ce4679df94f8c9cd33e8990c0b) Importer(815301076,1909f56bfc062723c751e8b465ee728b)
Start importing Assets/laxer tree pkg/Mobile/Normal Edited/baum ld2(enhanced).prefab using Guid(3217b1ce4679df94f8c9cd33e8990c0b) Importer(815301076,1909f56bfc062723c751e8b465ee728b)  -> (artifact id: '27d99789b43989ca8483621b62df0e52') in 0.020570 seconds 
